{"/Users/oskarspozdnakovs/pozdnako-y3/music_streaming/app.js": {"path":"/Users/oskarspozdnakovs/pozdnako-y3/music_streaming/app.js","statementMap":{"0":{"start":{"line":3,"column":20},"end":{"line":3,"column":42}},"1":{"start":{"line":4,"column":16},"end":{"line":4,"column":34}},"2":{"start":{"line":5,"column":13},"end":{"line":5,"column":28}},"3":{"start":{"line":6,"column":21},"end":{"line":6,"column":45}},"4":{"start":{"line":7,"column":15},"end":{"line":7,"column":32}},"5":{"start":{"line":8,"column":23},"end":{"line":8,"column":54}},"6":{"start":{"line":10,"column":12},"end":{"line":10,"column":21}},"7":{"start":{"line":14,"column":12},"end":{"line":14,"column":41}},"8":{"start":{"line":15,"column":0},"end":{"line":20,"column":3}},"9":{"start":{"line":21,"column":0},"end":{"line":21,"column":59}},"10":{"start":{"line":22,"column":0},"end":{"line":22,"column":30}},"11":{"start":{"line":24,"column":0},"end":{"line":24,"column":22}},"12":{"start":{"line":25,"column":0},"end":{"line":25,"column":23}},"13":{"start":{"line":26,"column":0},"end":{"line":26,"column":48}},"14":{"start":{"line":27,"column":0},"end":{"line":27,"column":23}},"15":{"start":{"line":28,"column":0},"end":{"line":33,"column":3}},"16":{"start":{"line":34,"column":0},"end":{"line":34,"column":66}},"17":{"start":{"line":36,"column":0},"end":{"line":36,"column":48}},"18":{"start":{"line":71,"column":0},"end":{"line":71,"column":20}}},"fnMap":{},"branchMap":{},"s":{"0":1,"1":1,"2":1,"3":1,"4":1,"5":1,"6":1,"7":1,"8":1,"9":1,"10":1,"11":1,"12":1,"13":1,"14":1,"15":1,"16":1,"17":1,"18":1},"f":{},"b":{},"_coverageSchema":"332fd63041d2c1bcb487cc26dd0d5f7d97098a6c","hash":"2c5a7d49dbae687d2548e060ddb1c435e46b66fb"}
,"/Users/oskarspozdnakovs/pozdnako-y3/music_streaming/routes.js": {"path":"/Users/oskarspozdnakovs/pozdnako-y3/music_streaming/routes.js","statementMap":{"0":{"start":{"line":3,"column":16},"end":{"line":3,"column":34}},"1":{"start":{"line":4,"column":15},"end":{"line":4,"column":31}},"2":{"start":{"line":5,"column":15},"end":{"line":5,"column":43}},"3":{"start":{"line":6,"column":20},"end":{"line":6,"column":54}},"4":{"start":{"line":7,"column":19},"end":{"line":7,"column":40}},"5":{"start":{"line":8,"column":17},"end":{"line":8,"column":45}},"6":{"start":{"line":9,"column":19},"end":{"line":9,"column":61}},"7":{"start":{"line":10,"column":15},"end":{"line":10,"column":32}},"8":{"start":{"line":13,"column":0},"end":{"line":31,"column":2}},"9":{"start":{"line":14,"column":17},"end":{"line":14,"column":91}},"10":{"start":{"line":15,"column":4},"end":{"line":30,"column":6}},"11":{"start":{"line":16,"column":21},"end":{"line":16,"column":23}},"12":{"start":{"line":17,"column":8},"end":{"line":19,"column":10}},"13":{"start":{"line":18,"column":12},"end":{"line":18,"column":42}},"14":{"start":{"line":20,"column":8},"end":{"line":20,"column":62}},"15":{"start":{"line":21,"column":8},"end":{"line":22,"column":67}},"16":{"start":{"line":22,"column":12},"end":{"line":22,"column":67}},"17":{"start":{"line":23,"column":25},"end":{"line":23,"column":43}},"18":{"start":{"line":24,"column":8},"end":{"line":29,"column":9}},"19":{"start":{"line":25,"column":12},"end":{"line":25,"column":64}},"20":{"start":{"line":26,"column":12},"end":{"line":26,"column":46}},"21":{"start":{"line":28,"column":12},"end":{"line":28,"column":52}},"22":{"start":{"line":37,"column":0},"end":{"line":45,"column":2}},"23":{"start":{"line":38,"column":4},"end":{"line":43,"column":5}},"24":{"start":{"line":39,"column":8},"end":{"line":39,"column":60}},"25":{"start":{"line":40,"column":8},"end":{"line":40,"column":17}},"26":{"start":{"line":42,"column":8},"end":{"line":42,"column":46}},"27":{"start":{"line":47,"column":0},"end":{"line":47,"column":23}}},"fnMap":{"0":{"name":"(anonymous_0)","decl":{"start":{"line":13,"column":28},"end":{"line":13,"column":29}},"loc":{"start":{"line":13,"column":47},"end":{"line":31,"column":1}},"line":13},"1":{"name":"(anonymous_1)","decl":{"start":{"line":15,"column":20},"end":{"line":15,"column":21}},"loc":{"start":{"line":15,"column":49},"end":{"line":30,"column":5}},"line":15},"2":{"name":"(anonymous_2)","decl":{"start":{"line":17,"column":36},"end":{"line":17,"column":37}},"loc":{"start":{"line":17,"column":47},"end":{"line":19,"column":9}},"line":17},"3":{"name":"(anonymous_3)","decl":{"start":{"line":37,"column":19},"end":{"line":37,"column":20}},"loc":{"start":{"line":37,"column":38},"end":{"line":45,"column":1}},"line":37}},"branchMap":{"0":{"loc":{"start":{"line":21,"column":8},"end":{"line":22,"column":67}},"type":"if","locations":[{"start":{"line":21,"column":8},"end":{"line":22,"column":67}},{"start":{"line":21,"column":8},"end":{"line":22,"column":67}}],"line":21}},"s":{"0":1,"1":1,"2":1,"3":1,"4":1,"5":1,"6":1,"7":1,"8":1,"9":2,"10":2,"11":2,"12":2,"13":6,"14":2,"15":2,"16":1,"17":2,"18":2,"19":2,"20":2,"21":0,"22":1,"23":1,"24":1,"25":1,"26":0,"27":1},"f":{"0":2,"1":2,"2":6,"3":1},"b":{"0":[1,1]},"_coverageSchema":"332fd63041d2c1bcb487cc26dd0d5f7d97098a6c","hash":"7a85e4d189f50c12df0fc72db917c7a2b8dbac63"}
,"/Users/oskarspozdnakovs/pozdnako-y3/music_streaming/services/song-service.js": {"path":"/Users/oskarspozdnakovs/pozdnako-y3/music_streaming/services/song-service.js","statementMap":{"0":{"start":{"line":3,"column":21},"end":{"line":3,"column":45}},"1":{"start":{"line":4,"column":17},"end":{"line":4,"column":36}},"2":{"start":{"line":5,"column":11},"end":{"line":5,"column":24}},"3":{"start":{"line":7,"column":0},"end":{"line":23,"column":6}},"4":{"start":{"line":8,"column":4},"end":{"line":23,"column":6}},"5":{"start":{"line":9,"column":8},"end":{"line":9,"column":52}},"6":{"start":{"line":10,"column":21},"end":{"line":10,"column":40}},"7":{"start":{"line":11,"column":8},"end":{"line":11,"column":43}},"8":{"start":{"line":13,"column":8},"end":{"line":22,"column":10}},"9":{"start":{"line":14,"column":24},"end":{"line":14,"column":45}},"10":{"start":{"line":15,"column":32},"end":{"line":17,"column":14}},"11":{"start":{"line":18,"column":12},"end":{"line":21,"column":25}},"12":{"start":{"line":25,"column":0},"end":{"line":39,"column":1}},"13":{"start":{"line":26,"column":4},"end":{"line":38,"column":10}},"14":{"start":{"line":29,"column":12},"end":{"line":34,"column":14}},"15":{"start":{"line":30,"column":16},"end":{"line":33,"column":44}},"16":{"start":{"line":31,"column":20},"end":{"line":31,"column":46}},"17":{"start":{"line":33,"column":20},"end":{"line":33,"column":44}},"18":{"start":{"line":37,"column":12},"end":{"line":37,"column":38}},"19":{"start":{"line":41,"column":0},"end":{"line":55,"column":6}},"20":{"start":{"line":42,"column":4},"end":{"line":55,"column":6}},"21":{"start":{"line":43,"column":8},"end":{"line":43,"column":52}},"22":{"start":{"line":44,"column":21},"end":{"line":44,"column":40}},"23":{"start":{"line":46,"column":8},"end":{"line":54,"column":10}},"24":{"start":{"line":47,"column":24},"end":{"line":47,"column":61}},"25":{"start":{"line":48,"column":31},"end":{"line":50,"column":14}},"26":{"start":{"line":51,"column":12},"end":{"line":53,"column":50}},"27":{"start":{"line":52,"column":36},"end":{"line":52,"column":45}},"28":{"start":{"line":53,"column":38},"end":{"line":53,"column":49}}},"fnMap":{"0":{"name":"(anonymous_0)","decl":{"start":{"line":7,"column":27},"end":{"line":7,"column":28}},"loc":{"start":{"line":8,"column":4},"end":{"line":23,"column":6}},"line":8},"1":{"name":"(anonymous_1)","decl":{"start":{"line":8,"column":16},"end":{"line":8,"column":17}},"loc":{"start":{"line":8,"column":37},"end":{"line":23,"column":5}},"line":8},"2":{"name":"(anonymous_2)","decl":{"start":{"line":13,"column":26},"end":{"line":13,"column":27}},"loc":{"start":{"line":13,"column":32},"end":{"line":22,"column":9}},"line":13},"3":{"name":"(anonymous_3)","decl":{"start":{"line":25,"column":31},"end":{"line":25,"column":32}},"loc":{"start":{"line":25,"column":74},"end":{"line":39,"column":1}},"line":25},"4":{"name":"(anonymous_4)","decl":{"start":{"line":28,"column":22},"end":{"line":28,"column":23}},"loc":{"start":{"line":28,"column":28},"end":{"line":35,"column":9}},"line":28},"5":{"name":"(anonymous_5)","decl":{"start":{"line":29,"column":32},"end":{"line":29,"column":33}},"loc":{"start":{"line":29,"column":41},"end":{"line":34,"column":13}},"line":29},"6":{"name":"(anonymous_6)","decl":{"start":{"line":36,"column":21},"end":{"line":36,"column":22}},"loc":{"start":{"line":36,"column":30},"end":{"line":38,"column":9}},"line":36},"7":{"name":"(anonymous_7)","decl":{"start":{"line":41,"column":32},"end":{"line":41,"column":33}},"loc":{"start":{"line":42,"column":4},"end":{"line":55,"column":6}},"line":42},"8":{"name":"(anonymous_8)","decl":{"start":{"line":42,"column":16},"end":{"line":42,"column":17}},"loc":{"start":{"line":42,"column":37},"end":{"line":55,"column":5}},"line":42},"9":{"name":"(anonymous_9)","decl":{"start":{"line":46,"column":26},"end":{"line":46,"column":27}},"loc":{"start":{"line":46,"column":32},"end":{"line":54,"column":9}},"line":46},"10":{"name":"(anonymous_10)","decl":{"start":{"line":52,"column":30},"end":{"line":52,"column":31}},"loc":{"start":{"line":52,"column":36},"end":{"line":52,"column":45}},"line":52},"11":{"name":"(anonymous_11)","decl":{"start":{"line":53,"column":29},"end":{"line":53,"column":30}},"loc":{"start":{"line":53,"column":38},"end":{"line":53,"column":49}},"line":53}},"branchMap":{"0":{"loc":{"start":{"line":30,"column":16},"end":{"line":33,"column":44}},"type":"if","locations":[{"start":{"line":30,"column":16},"end":{"line":33,"column":44}},{"start":{"line":30,"column":16},"end":{"line":33,"column":44}}],"line":30}},"s":{"0":2,"1":2,"2":2,"3":2,"4":1,"5":1,"6":1,"7":1,"8":1,"9":1,"10":1,"11":1,"12":2,"13":1,"14":1,"15":0,"16":0,"17":0,"18":0,"19":2,"20":1,"21":1,"22":1,"23":1,"24":1,"25":1,"26":1,"27":1,"28":0},"f":{"0":1,"1":1,"2":1,"3":1,"4":1,"5":0,"6":0,"7":1,"8":1,"9":1,"10":1,"11":0},"b":{"0":[0,0]},"_coverageSchema":"332fd63041d2c1bcb487cc26dd0d5f7d97098a6c","hash":"bd9520ac5bd4e309d44b5d0ff881738064dda2af"}
,"/Users/oskarspozdnakovs/pozdnako-y3/music_streaming/validation_schemas/SongSchema.js": {"path":"/Users/oskarspozdnakovs/pozdnako-y3/music_streaming/validation_schemas/SongSchema.js","statementMap":{"0":{"start":{"line":3,"column":0},"end":{"line":8,"column":1}}},"fnMap":{},"branchMap":{},"s":{"0":1},"f":{},"b":{},"_coverageSchema":"332fd63041d2c1bcb487cc26dd0d5f7d97098a6c","hash":"594b59f096bf93c5129bb2973a3b69da8237c683"}
}
